<?xml version="1.0" encoding="UTF-8"?>
<!-- Generated by org.testng.reporters.JUnitReportReporter -->
<testsuite hostname="user" failures="0" tests="1" name="PurpleStoreTestCase.CreateStoreTest" time="24.156" errors="0" timestamp="2022-03-31T23:48:41 IST" skipped="0">
  <testcase classname="PurpleStoreTestCase.CreateStoreTest" name="tcCreateStore" time="24.156"/>
  <system-out/>
</testsuite> <!-- PurpleStoreTestCase.CreateStoreTest -->
