<?xml version="1.0" encoding="UTF-8"?>
<!-- Generated by org.testng.reporters.JUnitReportReporter -->
<testsuite hostname="user" failures="0" tests="1" name="PurpleStoreTestCase.storeSetupTest" time="8.381" errors="0" timestamp="2022-03-31T19:55:46 IST" skipped="0">
  <testcase classname="PurpleStoreTestCase.storeSetupTest" name="testStoreSetup" time="8.381"/>
  <system-out/>
</testsuite> <!-- PurpleStoreTestCase.storeSetupTest -->
