<?xml version="1.0" encoding="UTF-8"?>
<!-- Generated by org.testng.reporters.JUnitReportReporter -->
<testsuite hostname="user" failures="0" tests="1" name="PurpleStoreTestCase.AppTest" time="0.014" errors="0" timestamp="2022-03-31T14:29:45 IST" skipped="0">
  <testcase classname="PurpleStoreTestCase.AppTest" name="shouldAnswerWithTrue" time="0.014"/>
  <system-out/>
</testsuite> <!-- PurpleStoreTestCase.AppTest -->
